--------------------------------------------------
Marvellous Data Shield System
Backup started at : Sat Feb 14 13:56:49 2026
--------------------------------------------------

System Usage Info
CPU Usage : 27.4 %
RAM Usage : 89.7 %
--------------------------------------------------
Copied : .git\COMMIT_EDITMSG
Copied : .git\config
Copied : .git\description
Copied : .git\FETCH_HEAD
Copied : .git\HEAD
Copied : .git\index
Copied : .git\hooks\applypatch-msg.sample
Copied : .git\hooks\commit-msg.sample
Copied : .git\hooks\fsmonitor-watchman.sample
Copied : .git\hooks\post-update.sample
Copied : .git\hooks\pre-applypatch.sample
Copied : .git\hooks\pre-commit.sample
Copied : .git\hooks\pre-merge-commit.sample
Copied : .git\hooks\pre-push.sample
Copied : .git\hooks\pre-rebase.sample
Copied : .git\hooks\pre-receive.sample
Copied : .git\hooks\prepare-commit-msg.sample
Copied : .git\hooks\push-to-checkout.sample
Copied : .git\hooks\sendemail-validate.sample
Copied : .git\hooks\update.sample
Copied : .git\info\exclude
Copied : .git\logs\HEAD
Copied : .git\logs\refs\heads\main
Copied : .git\logs\refs\remotes\origin\main
Copied : .git\objects\00\e55a011424fe39f3c39e337c8e811ea245b83c
Copied : .git\objects\04\07c5a33bd34d0308d5624c72fd3b93b1d7dc79
Copied : .git\objects\04\0d426d90977c7bd06f6694ad1d38db8f3c66ab
Copied : .git\objects\04\60a0d950499c889586372360a31ee58318ed04
Copied : .git\objects\05\1b0bff0e2da8105504f907b769c66c58b48973
Copied : .git\objects\05\45ea80540d13dd07e75859321b03863ae71b0c
Copied : .git\objects\05\eeec384d182f0904500846cb689c749f205957
Copied : .git\objects\09\290e9b3012b911c24ae1bd3e9ce37b05b1abca
Copied : .git\objects\0a\71b75a89bb711ccec914ed9554a5e9d09e0c1a
Copied : .git\objects\0b\2a493938f4df07c446eabcb25b17c6c5b3cf96
Copied : .git\objects\0b\373e3409b480609535f36c98e7a43902ecd746
Copied : .git\objects\0b\56dcc302273ed7cd7e3a5c6cef4869589cf8fa
Copied : .git\objects\0c\330bed9713d8225fd02f29cdae00b8e198f2dd
Copied : .git\objects\0c\71250829e3463c302da74771425adfb59b80b1
Copied : .git\objects\0d\5d899564a6029525dfb63fb8798cf35459d550
Copied : .git\objects\0d\90ff275ad34ddbf26a208d67f8f0e593bad2ca
Copied : .git\objects\0e\274d7741428d7d9e1a9a9bb0f2b652b55a0128
Copied : .git\objects\0e\281938f772be4c447f472ef9f80807126e029c
Copied : .git\objects\0e\e969948676d042eb3e942af84194b1279d6645
Copied : .git\objects\0f\e127bd3b2ecfc0d0b89f4725e4a90cf253d811
Copied : .git\objects\10\660ec0d2edee2bb4af23dfbd27b0d9bcb60995
Copied : .git\objects\14\5f42902cbd1900d90180d8ee525b1f0c2ea340
Copied : .git\objects\15\bdadbb247198fcf108d29ebde68b031fdf241e
Copied : .git\objects\19\f1c7ab1ebc35de391bb4bc762035f818907e60
Copied : .git\objects\1a\2490b1f46cb0b9c77ef0c4bee97decb5e03611
Copied : .git\objects\1a\839a9fe258bfd6f5aac88ca06aebf52d487e94
Copied : .git\objects\1a\d9547a506ff36abbf75dd9cd580b5d63bc8f51
Copied : .git\objects\1b\b4b04f6cb38e8788cb6086142f5771a91e9100
Copied : .git\objects\1d\1a9ede18bce63344d726a1e9c003b5402ee397
Copied : .git\objects\21\59b7ab7781e9125bd434a129557a0aceb5a32d
Copied : .git\objects\21\e3937e602a9fadbb34a2f1351e99a774efd3b3
Copied : .git\objects\22\0f44cb17a3e25768923c1f5ec6e5c42a43b368
Copied : .git\objects\25\2e55575f6302e17a925b9875f13c106b2af5fc
Copied : .git\objects\25\d3445bd201185dc39eb764bab5fa2612a60a4f
Copied : .git\objects\25\d5eee981b95e45b9144ebd8856f84e5e3bcba6
Copied : .git\objects\26\5801cff8f4ccc09f089bac0e288aba2ec867cf
Copied : .git\objects\27\41f992c61d5d56b7708ae8f30b984f60d57163
Copied : .git\objects\28\aae505fa549f41ecc7bb6f152a64eabe89e6d7
Copied : .git\objects\2d\eb7ed71336234e8f9fc14c8bc937144235190d
Copied : .git\objects\2e\ce6687c3814e44aef7126d5205ec7bbe1353dd
Copied : .git\objects\30\f7415455894ba9d6ae081599f55ff2425386ae
Copied : .git\objects\33\1e1ae4cc9347d1b9838dbe5b2a89b02d104a7e
Copied : .git\objects\33\fdd11308eb62ca9bc8e707bdb7714e8d5efb1d
Copied : .git\objects\37\e8459b9c908a7be0e195bae860b968198f51c5
Copied : .git\objects\37\ebd3621dc9e4814ce64da5a4d20a1755b99532
Copied : .git\objects\39\935f1941113a82ce80d80482c8e162697249f9
Copied : .git\objects\3a\754d00e9af62142148210107aa20fee18b86da
Copied : .git\objects\3a\dde91669cdb318a54f3543da2efd2d544daccf
Copied : .git\objects\3b\7a251cb90c0428311c080b1b310a2f87e8958b
Copied : .git\objects\3b\fad76f5388557ae7b77dbf389cfe8863489fc5
Copied : .git\objects\3c\6c83eb03bb811d025607b6dad62c366c76aeb9
Copied : .git\objects\3d\5e32a83b3a0278c6a696591694c6ab7c49e1a1
Copied : .git\objects\3d\d1c5a58a74259d816cf2bedc9ed0f4e00e409e
Copied : .git\objects\3e\a4792712ae8d6597db480e9f23d6337585b65c
Copied : .git\objects\41\02cf0747af49e50e2a3aaeff493693334a327a
Copied : .git\objects\41\dc6b91104c050cc15f0364c8bf8947ee9cf2f3
Copied : .git\objects\42\68fe65398bb8951c45cbc14b1b33d57f521ff3
Copied : .git\objects\42\a99fbaa0409ed59aa2b5ba2bd97938274a9ab6
Copied : .git\objects\43\1b396cb1534e3a2da30578abc2dcf10edf4177
Copied : .git\objects\46\60c633ca8ca7a64f32eea9d4f223e8f29e9e4e
Copied : .git\objects\47\69ba8660e894649c92fac75a3dfcc6fb6eb352
Copied : .git\objects\48\6f6241d035179d665e12efb77329462cbdfc34
Copied : .git\objects\49\07af25b303e6814679a9b9d9ad52d1dabdb1a7
Copied : .git\objects\4a\49e52b32f02bcd3b57a25bb8e4d713905044a6
Copied : .git\objects\4a\8dafa390dde35ab07beab6e5bcc58f5a40bc5c
Copied : .git\objects\4b\825dc642cb6eb9a060e54bf8d69288fbee4904
Copied : .git\objects\4d\3eaedb387a6bab7aae878692d2a3ffe2fe9f51
Copied : .git\objects\4d\b0eeecb3d4fbdc08e70e216b0a260ec2d1eb6a
Copied : .git\objects\50\5f80f18efc79e8ae0658cde34e10b46f804ed0
Copied : .git\objects\51\29fcd0dfa1081051296bf143a3ac8f2eecc9a7
Copied : .git\objects\51\e44f50fca28fcb162809fbacbb963dda3df176
Copied : .git\objects\54\6f545271e087bc0dcc7f0c95e30ee800e10f57
Copied : .git\objects\55\0b38339e019815b31009e5d7aee6c93a7f079f
Copied : .git\objects\55\3d560cd8acb4c357dd7abeed5eb48eced69f9a
Copied : .git\objects\56\3e61157d787d9fa1c70522467fc8a15ce3add5
Copied : .git\objects\56\f5457090edc5a7f88252b6b7eb0f76166ad32a
Copied : .git\objects\58\2c849451e26ed739bbf35fbca891911b0cdddb
Copied : .git\objects\59\98aa7087f57a8ef647054f92dc7fff29ad8640
Copied : .git\objects\5b\fabcfa7ff19c0ede670bc5955fcad9e90955ff
Copied : .git\objects\5c\07c1572f510bef776dc6dfb09c61aa60b70b21
Copied : .git\objects\5d\9b5023b2785572087b15219e05b6fccf3c2357
Copied : .git\objects\5e\106796c904e2f00af83ed1e76b9f8c08ecd8b6
Copied : .git\objects\5f\117c312e5095152fc36b0485c6fe8aaf0bba41
Copied : .git\objects\60\097aab2f2e69ae6b036620f8a55551693deddd
Copied : .git\objects\60\235efbdb242aaff2eea576b8f31d7e254a6350
Copied : .git\objects\62\bfbf4c2d464def9e361d999b4aab6240d641f6
Copied : .git\objects\63\01e44ddf13b14e359a887701ea8706003c230d
Copied : .git\objects\63\b896505e0aa242e30576cfa1786f005da9b2ae
Copied : .git\objects\65\a3497b7ba369780bdfadd0cf335d340feeb4a7
Copied : .git\objects\66\3b6f3c72694d9ec1a7dfdaa95cb83c7ea3f8cf
Copied : .git\objects\66\da65246eea580ed01520c08afc50fdc925b33a
Copied : .git\objects\66\fa9e71a99bc03a29a74074523e111c2b869ffc
Copied : .git\objects\67\27da9bf9ea2a2ec3a65c3e4c46271c48bc4217
Copied : .git\objects\67\2d9fc5fbab3271cb4e41975e3f3cdcdc4e108c
Copied : .git\objects\67\7c467d837750eed4806b3846e8bd2a8a695b55
Copied : .git\objects\68\01eeb4451c10262f543cc571d459c74dda34a0
Copied : .git\objects\68\0c2926d6a4c9d5170cfa2ca74bd6203424a16a
Copied : .git\objects\69\547a2367e581a2b76d729738686b94097d30bf
Copied : .git\objects\6a\5befee733e4066c240c362c8882ca05fdd38df
Copied : .git\objects\6a\95195a36270b0fb6d5de9e6e28e54c9424b451
Copied : .git\objects\6a\b26eace73559c79498b140b8b3c55ff397f68b
Copied : .git\objects\6b\8e7d9227cde969c4166ee12c82f78b8849f0c6
Copied : .git\objects\6c\d4c52fc950c529adf44391876b073e7161c5cc
Copied : .git\objects\6e\9715c1771ae0ca0d0e9e3f9704846a776d6254
Copied : .git\objects\70\542bc15e55944ff8b6171307aa490536881531
Copied : .git\objects\70\9874a8e8fd40db4d45b4348d193e29db59d4a4
Copied : .git\objects\71\63206264ce85420e09e028d884bfea81ff2a55
Copied : .git\objects\72\6838fc98bc5a6d5fc68a7835bf8dc0a21b90eb
Copied : .git\objects\74\9fff85050061dfab099f181a49adf5373bddac
Copied : .git\objects\74\cd31b119b4bc0e475d3270a64cbdd6e11e6999
Copied : .git\objects\78\07afcce94f278181b5c56798cec13b4f1f7ed6
Copied : .git\objects\78\0f8667182acddcb29281e35004a965110cb187
Copied : .git\objects\79\21d835b3532e4ebc1be9c33b25c52002c3d25e
Copied : .git\objects\79\7a332253211b1736564de438bbf7828ae4d9ea
Copied : .git\objects\7a\2367d25a9b001e69503735b5e781a9efc8360a
Copied : .git\objects\7a\dc32c4c2f72106156f7312f98c9c816dd669ed
Copied : .git\objects\7d\5971a1d650df4117935e114e0cfe5fd794ae2d
Copied : .git\objects\7d\62f7338b260bdda01289df72f44071e8307e1b
Copied : .git\objects\7f\7355d20015facd0e5e55d87d4d933028bcef30
Copied : .git\objects\81\8b2d629b9cc9b9dbe5694bd1cb01660855ee80
Copied : .git\objects\82\0ca7da08d606423469313b2bfc81f56c7aef9e
Copied : .git\objects\82\eb324bfb8d1e0ee85cba8111085a9b44a08545
Copied : .git\objects\83\4099a2c91c8e766951b1ef156a1bc0a7572a61
Copied : .git\objects\83\67c3c0b3b0392cd194f52025a79fd483909c8f
Copied : .git\objects\83\f58ec717c99e8bcff9f02dde33201404ebdbe8
Copied : .git\objects\84\626e056edb86004be7c986e141357bbd64270b
Copied : .git\objects\86\5eb0921b79110c3201c118c017fdaff734ea80
Copied : .git\objects\86\793e23343b27938001e7cad82bc914265259ad
Copied : .git\objects\86\796408abe9fc5cc50a5bf37afdce796e7741be
Copied : .git\objects\86\a649f72be8873f40c92537f6cd1a3711677959
Copied : .git\objects\87\1be0aaf974ef5a6348f984ffd0bafb0da02f76
Copied : .git\objects\87\5a4968f73d372bb6b964e50bed83547e72c3a6
Copied : .git\objects\89\2f174ee1e174f01b74c4a68435a9a77571d095
Copied : .git\objects\8b\2a80605f09156ddcd7e5e10629dfc9af23d104
Copied : .git\objects\8b\c22c4cfe71fe64272ccb7de3df5c099518ce4d
Copied : .git\objects\8c\9ed76874ed09c6b568edababd1afa3ff730f64
Copied : .git\objects\90\7bca7e781fa53d652ceb0b918e8460fc30142a
Copied : .git\objects\91\9f9bd01d0beaf0fc5c4e86e361ab0bf4d520c2
Copied : .git\objects\94\912d0e92a05df42c222b1471c192dbe2810cd3
Copied : .git\objects\95\aa56ddbd65e5422cfc21781101f44ae879d370
Copied : .git\objects\97\bc3aa46fd70a93aeafd1d4bf17a59fc3772291
Copied : .git\objects\98\af2e7716809af65dfd45c8cc3671042887387e
Copied : .git\objects\9a\a749851fa94edb687c984e8592b4edf8299dfb
Copied : .git\objects\9c\ffa8818f33c928acace74a9fbdc0f33461f0bf
Copied : .git\objects\9d\af89c335d2f73c71a338f5a08efbb21be8564b
Copied : .git\objects\9e\6c21af2285a60fb7c444df3ec6bf11e69d27af
Copied : .git\objects\9e\ad44159ce9970b3189c0c4de5e1b47e67f900a
Copied : .git\objects\9e\cdcb5c96df5c95d0132ca5be44b20e880f264a
Copied : .git\objects\9f\53dde5fd19ba118710a59ca9e43a42e61b602b
Copied : .git\objects\a0\6048da3b8846f879cc6cd49cc0e246d84b7148
Copied : .git\objects\a1\a01f2c5c9dacd7811c04d4b60ad31e626475b0
Copied : .git\objects\a2\1eff90f1ba10a0c2aa7aacbeb03770e984ba0e
Copied : .git\objects\a4\afafad4dd48e57b71f78ca757beb1c20028517
Copied : .git\objects\a6\66b2f7b5b397e2c9f4586a4bb1a93ef80d06ba
Copied : .git\objects\a6\aa692465fb62dc1de2b8eacb8baf613664af58
Copied : .git\objects\ab\3504ae9506997e22392a4a17c53197cfe4015b
Copied : .git\objects\ac\261c8c6854768e67418e45061afe6d0886a511
Copied : .git\objects\ad\648db0c1bd7dd8ae3f3b11b80d3d57de5b700e
Copied : .git\objects\ae\0e1e87ebd8c0d65bfea88a9bb1826a1b30ed74
Copied : .git\objects\ae\4f3b56fec5fe9bd792aab9df516cb4f61a242b
Copied : .git\objects\b0\962a6bf6691c30a2c66ba1507b1d7976038368
Copied : .git\objects\b1\57ba1ccb9d5c0baf9e0db8509302d3d9b07fd2
Copied : .git\objects\b1\8af96e147480e7006804ada96601dfdf2fa318
Copied : .git\objects\b2\4df23ae96d815e7509ea8cf840c2d79f5c38da
Copied : .git\objects\b3\060c799174e3f0ebd8706ee9ce7b1a80f00c01
Copied : .git\objects\b3\73830f2fa26db8fcbde301938622bec6da73dc
Copied : .git\objects\b3\9f1d0607cb9d62f9bd9674bf76ad97afaca5a7
Copied : .git\objects\b4\a3b6ff80fa7d087e074a7ed4708fdda7673740
Copied : .git\objects\b7\d30a504966121bcff636becf7244ca4a4ffe94
Copied : .git\objects\b9\7795fc332ecd83a23e3d654766f0c5f59540d2
Copied : .git\objects\b9\8eb6b155647dda938cdf6bfe394890eec649bd
Copied : .git\objects\bb\8415a5d4c419c1c571f51e15f8e813a53295b2
Copied : .git\objects\bb\a7d70b82bdf71eac6d75be9af658f2b7976748
Copied : .git\objects\bd\90af1dff08ef3374cef56aca3fb7ac32994aae
Copied : .git\objects\bf\d391ec1df061f9548ba50dd268c13cdaa43587
Copied : .git\objects\c0\b0affa93604ab415d2a327ef18f67ebac60f34
Copied : .git\objects\c0\d37c120245eb3d656310bcee83e1a6b9ab2c54
Copied : .git\objects\c2\e07481e07603512de3684b459927fff0837a0a
Copied : .git\objects\c4\2aa067fff60ab9daaed7e240be232208f9f06c
Copied : .git\objects\c4\2d023ef458bae37d00af7230cc55a77e091b42
Copied : .git\objects\c4\f0847d01c848f1a8d7e3e7e3929c30bfe89554
Copied : .git\objects\c5\7cf591add924769aa9484799fcc8f8b336b015
Copied : .git\objects\c7\fff8a05a6c01303a90082c4f99e7c00bb2e54b
Copied : .git\objects\ca\7df46699b803dc614e63d31ff9d5a9797b49c2
Copied : .git\objects\cb\8bbe7244d0896a27ed0b37d860d9b6626e4997
Copied : .git\objects\cb\8e3e2a6060056b235b9ee151c48eab7feac3e0
Copied : .git\objects\cc\275bf24448eb9b87f5c02543f638dc2584faa6
Copied : .git\objects\d0\e94e7ce09a124d30c0b180cf7cfbb5b122ad4c
Copied : .git\objects\d1\96cce70ed9e86e3cb9f27ac0bfd1ec18b50c1a
Copied : .git\objects\d3\8d64543f96a87d11c7208f730a134fde1dbb24
Copied : .git\objects\d4\6fc15ea78b1ea7267fbc9227190755fb6164c7
Copied : .git\objects\d5\ec3c61ca3d55c237473f689466af7ecfd13ed9
Copied : .git\objects\d6\1e378d54e7f95c1ae4ae1375b8432edf804d54
Copied : .git\objects\d6\a8e52d1d74d6765e0425deae1f0df278b16c69
Copied : .git\objects\d7\095d1c4e8c62a1466a3cb005baf650f12ef37f
Copied : .git\objects\d7\4c815ccdf05512256a0828742fe5f6bf626e01
Copied : .git\objects\d8\654aa0e2f2f3c1760e0fcbcbb52c1c5941fba7
Copied : .git\objects\d8\ffffb403cc09584ed37ded7c0855d02e3dbf4c
Copied : .git\objects\db\67109effdfef0fdf687c2b74196effbfe3e516
Copied : .git\objects\dd\d42b75d570200065ad257314cc9d1a5e367ddd
Copied : .git\objects\de\0cfeefed9475ded64e494f3b1bd533c347d7bb
Copied : .git\objects\de\34cef651802fbfeef30b6d733de55f6a07d7a2
Copied : .git\objects\df\49a34ac957aac41dc5f23e8a5b23a27750fa9b
Copied : .git\objects\e2\4b59fa7190fb1497a900cff41656dfabb221ac
Copied : .git\objects\e3\643b9a8c3d91977007a19e7b0a434cc18426dd
Copied : .git\objects\e5\32a9d6ed3b570aaf5fe7db12db13db4121c1bc
Copied : .git\objects\e7\0c96d553c9865c89e7e7b8ceaa8f3542f54d84
Copied : .git\objects\e7\64c9a8d35208927c0c7fa6eb42431afe7496a2
Copied : .git\objects\e7\cda7147a514129e5f4e8fcdcd69b4805fe44e6
Copied : .git\objects\e8\1edc321cdfa6a3f886c6273faec49731197890
Copied : .git\objects\ea\73fe7712c014b706fa171050c6ed040d4458e1
Copied : .git\objects\eb\54956fb7cb05a14ee2decb88c5712be6a367cf
Copied : .git\objects\ec\be577e49f31a2b9234c68566abd1cb7b55e68d
Copied : .git\objects\ed\1a988e52c577c38a22a0edff44ce4beec62c53
Copied : .git\objects\ed\d642981589b992703e9b0b5533aebf1ce7cec6
Copied : .git\objects\ef\14df68a85c15d7e70c0e065791e6bf816be65e
Copied : .git\objects\f0\35f77f23d20467d4b14a680179c126b3b10466
Copied : .git\objects\f0\d79ba9c9b6bf3a027079d5f5112e1c452ea784
Copied : .git\objects\f0\eeea9171fa25792f14b8192678a2f2f7cbbb99
Copied : .git\objects\f2\839842289e1e3a2772e927ef88d1e5bc53a064
Copied : .git\objects\f6\065cfcb61fb88d0c119008fcd18a9fdaf8868d
Copied : .git\objects\f6\23aa86d8f64818b33f9d81a24e3a3eb73f46b1
Copied : .git\objects\f8\5279430ec6621e79b7bc6dade840e140f5e925
Copied : .git\objects\f8\eeec8fa35f4171e0379419ef66ee43c9b2265f
Copied : .git\objects\fa\a2b3dc96a78cee04b47961ea5719a50f11eb85
Copied : .git\objects\fc\98d89fdd2f8d11dcd524b0d7cfd29efc46958f
Copied : .git\objects\fd\12cc2274c10aa0d8ce85bbe6df0ea2f41106b3
Copied : .git\objects\fd\62d74b88b77072c3a077e9dbe2bbc8a2ada215
Copied : .git\objects\fd\dfc8b336d5ee69e76d2a71bc20d2f97572fd35
Copied : .git\refs\heads\main
Copied : .git\refs\remotes\origin\main
Copied : AUTOMATION\ChecksumCalculate.py
Copied : AUTOMATION\ChecksumCalculateDirectory.py
Copied : AUTOMATION\ChecksumCalculateDirectoryStore.py
Copied : AUTOMATION\CommandLine1.py
Copied : AUTOMATION\CommandLine2.py
Copied : AUTOMATION\CommandLine3.py
Copied : AUTOMATION\CommandLine4.py
Copied : AUTOMATION\CommandLine5.py
Copied : AUTOMATION\Demo.txt
Copied : AUTOMATION\DirectoryAutomation1.py
Copied : AUTOMATION\DirectoryAutomation2.py
Copied : AUTOMATION\DirectoryAutomation3.py
Copied : AUTOMATION\DirectoryAutomationEmptyDelete.py
Copied : AUTOMATION\DirectoryAutomationEmptyDeleteReport.py
Copied : AUTOMATION\DirectoryAutomationEmptyDeleteReportLog.py
Copied : AUTOMATION\DirectoryAutomationEmptyDeleteReportLogTime.py
Copied : AUTOMATION\DirectoryAutomationEmptyDeleteReportLogTimeStamp.py
Copied : AUTOMATION\DirectoryAutomationEmptyDeleteReportLogTimeStampSchedule.py
Copied : AUTOMATION\DirectoryScan1.py
Copied : AUTOMATION\DirectoryScan2.py
Copied : AUTOMATION\DirectoryScan3.py
Copied : AUTOMATION\DirectoryScan4.py
Copied : AUTOMATION\Schedular1 copy.py
Copied : AUTOMATION\Schedular1.py
Copied : AUTOMATION\Schedular3.py
Copied : AUTOMATION\FileIo\Demo.txt
Copied : AUTOMATION\FileIo\FileIo.py
Copied : AUTOMATION\FileIo\FileIo1.py
Copied : AUTOMATION\FileIo\FileIoException.py
Copied : AUTOMATION\FileIo\FileIoExceptionAppend.py
Copied : AUTOMATION\FileIo\FileIoExceptionRead.py
Copied : AUTOMATION\FileIo\FileIoExceptionReadSeek.py
Copied : AUTOMATION\FileIo\FileIoExceptionReadSeekX.py
Copied : AUTOMATION\FileIo\FileIoExceptionReadSeekXX.py
Copied : AUTOMATION\FileIo\FileIoExceptionReadTell.py
Copied : AUTOMATION\FileIo\FileIoExceptionReadX.py
Copied : AUTOMATION\FileIo\FileIoExceptionWrite.py
Copied : AUTOMATION\FileIo\FileIoExceptionWriteX.py
Copied : AUTOMATION\FileIo\FileIoExceptionX.py
Copied : AUTOMATION\FileIo\FileIoExists.py
Copied : AUTOMATION\FileIo\FileIoFunctions.py
Copied : AUTOMATION\FileIo\FileIoPath.py
Copied : AUTOMATION\FileIo\FileIoPathChange.py
Copied : AUTOMATION\FileIo\FileIoRemove.py
Copied : AUTOMATION\Marvellous\Schedular1 - Copy.py
Copied : AUTOMATION\Marvellous\Schedular2 - Copy.py
Copied : AUTOMATION\Marvellous\Schedular3.py
Copied : AUTOMATION\ProcessAutomation\CPULOG.py
Copied : AUTOMATION\ProcessAutomation\DiskUsage.py
Copied : AUTOMATION\ProcessAutomation\DiskUsageException.py
Copied : AUTOMATION\ProcessAutomation\MemoryLog.py
Copied : AUTOMATION\ProcessAutomation\ProcessLogerWithSystemInfo.py
Copied : AUTOMATION\ProcessAutomation\ProcessLoggerCommandLine copy.py
Copied : AUTOMATION\ProcessAutomation\ProcessLoggerLogFile.py
Copied : AUTOMATION\ProcessAutomation\ProcessLoggerLogFileTimestamp.py
Copied : AUTOMATION\ProcessAutomation\ProcessLoggerSchedule.py
Copied : AUTOMATION\ProcessAutomation\ProcessLoggerScheduleFileWrite.py
Copied : AUTOMATION\ProcessAutomation\SystemSurvelillance.py
Copied : AUTOMATION\ProcessAutomation\SystemSurvelillanceX.py
Copied : AUTOMATION\ProcessAutomation\DataShield\CommonScript.py
Copied : AUTOMATION\ProcessAutomation\DataShield\DataShieldChecksum.py
Copied : AUTOMATION\ProcessAutomation\DataShield\DataShieldChecksumUpdated.py
Copied : AUTOMATION\ProcessAutomation\DataShield\DataShieldChecksumUpdatedModified.py
Copied : AUTOMATION\ProcessAutomation\DataShield\DataShieldFinal.py
Copied : AUTOMATION\ProcessAutomation\DataShield\DataShieldStart.py
Copied : AUTOMATION\ProcessAutomation\DataShield\DataShieldStartPrint.py
Copied : AUTOMATION\ProcessAutomation\DataShield\DirectoryScan1.py
Copied : AUTOMATION\ProcessAutomation\DataShield\DirectoryScan2.py
Copied : AUTOMATION\ProcessAutomation\DataShield\DirectoryScan3.py
Copied : AUTOMATION\ProcessAutomation\DataShield\DirectoryScan4.py
Copied : AUTOMATION\ProcessAutomation\DataShield\MarvellousBackup-2026-0208_17-44-12.zip
Copied : AUTOMATION\ProcessAutomation\DataShield\MarvellousBackup-2026-0208_17-45-12.zip
Copied : AUTOMATION\ProcessAutomation\DataShield\MarvellousBackup-2026-0208_17-47-31.zip
Copied : AUTOMATION\ProcessAutomation\DataShield\X.py
Copied : AUTOMATION\ProcessAutomation\DataShield\Y.py
Copied : AUTOMATION\ProcessAutomation\DataShield\Data\DirectoryScan1 - Copy.py
Copied : AUTOMATION\ProcessAutomation\DataShield\Data\DirectoryScan1.py
Copied : AUTOMATION\ProcessAutomation\DataShield\Data\DirectoryScan2.py
Copied : AUTOMATION\ProcessAutomation\DataShield\Data\DirectoryScan3.py
Copied : AUTOMATION\ProcessAutomation\DataShield\Data\DirectoryScan4.py
Copied : AUTOMATION\ProcessAutomation\DataShield\Data\X.py
Copied : AUTOMATION\ProcessAutomation\DataShield\Data\Y.py
Copied : AUTOMATION\ProcessAutomation\DataShield\Data\Tushar\a.py
Copied : AUTOMATION\ProcessAutomation\DataShield\MarvellousBackup\DirectoryScan1 - Copy.py
Copied : AUTOMATION\ProcessAutomation\DataShield\MarvellousBackup\DirectoryScan1.py
Copied : AUTOMATION\ProcessAutomation\DataShield\MarvellousBackup\DirectoryScan2.py
Copied : AUTOMATION\ProcessAutomation\DataShield\MarvellousBackup\DirectoryScan3.py
Copied : AUTOMATION\ProcessAutomation\DataShield\MarvellousBackup\DirectoryScan4.py
Copied : AUTOMATION\ProcessAutomation\DataShield\MarvellousBackup\X.py
Copied : AUTOMATION\ProcessAutomation\DataShield\MarvellousBackup\Y.py
Copied : AUTOMATION\ProcessAutomation\DataShield\MarvellousBackup\Tushar\a.py
Copied : AUTOMATION\ProcessAutomation\DataShield\Tushar\a.py
Copied : AUTOMATION\Schedular1\AutomationScript1.py
Copied : AUTOMATION\Schedular1\Schedular1.py
Copied : AUTOMATION\Schedular1\Schedular2.py
Copied : AUTOMATION\Schedular1\Schedular3.py
Copied : AUTOMATION\Schedular1\Schedular4.py
Copied : CommandLine\CommandLineArguments.py
Copied : EmailSending\EmailSender.py
Copied : ExceptionHandling\exception_demo1.py
Copied : ExceptionHandling\exception_demo2.py
Copied : ExceptionHandling\exception_demo3.py
Copied : FMR\FMR1.py
Copied : FMR\FMR2.py
Copied : FMR\FMR3.py
Copied : FMR\FMRLambda1.py
Copied : FMR\FMRLambda2.py
Copied : FMR\FMRLambda3.py
Copied : FMR\FMRModuleClient.py
Copied : FMR\FMRUserDefined.py
Copied : FMR\FMRUserDefined2.py
Copied : FMR\FMRUserDefined3.py
Copied : FMR\MarvellousFMR.py
Copied : FMR\__pycache__\MarvellousFMR.cpython-314.pyc
Copied : List\List1.py
Copied : List\List2.py
Copied : List\ListDynamicInput1.py
Copied : List\ListDynamicInput2.py
Copied : List\ListDynamicInput3.py
Copied : MultiThreading\MultitaskingThread.py
Copied : MultiThreading\MultitaskingThread10.py
Copied : MultiThreading\MultitaskingThread11.py
Copied : MultiThreading\MultitaskingThread12 copy.py
Copied : MultiThreading\MultitaskingThread12.py
Copied : MultiThreading\MultitaskingThread2.py
Copied : MultiThreading\MultitaskingThread3.py
Copied : MultiThreading\MultitaskingThread4.py
Copied : MultiThreading\MultitaskingThread5.py
Copied : MultiThreading\MultitaskingThread6.py
Copied : MultiThreading\MultitaskingThread7.py
Copied : MultiThreading\MultitaskingThread8.py
Copied : MultiThreading\MultitaskingThread9.py
Copied : MultiThreading\ProcessId.py
Copied : MultiThreading\TimeCalculations1.py
Copied : MultiThreading\TimeCalculations2.py
Copied : MultiThreading\MultiProcess\MultiProcess1.py
Copied : MultiThreading\MultiProcess\MultiprocessingPool1.py
Copied : MultiThreading\MultiProcess\MultiprocessingPool2.py
Copied : MultiThreading\MultiProcess\MultiprocessingPool3.py
Copied : MultiThreading\MultiProcess\MultiprocessingPool4.py
Copied : MultiThreading\MultiProcess\MultiprocessingPool5.py
Copied : MultiThreading\ThreadSync\ThreadSync1.py
Copied : MultiThreading\ThreadSync\ThreadSync2.py
Copied : MultiThreading\ThreadSync\ThreadSync3.py
Copied : Oop\BehavioursAll.py
Copied : Oop\BehavioursInstance.py
Copied : Oop\Characteristic.py
Copied : Oop\CharacteristicClass.py
Copied : Oop\CharacteristicInstance.py
Copied : Oop\CharacteristicsAll.py
Copied : Oop\CharacteristicsAllX.py
Copied : Oop\Class1.py
Copied : Oop\ConstructorDestructor.py
Copied : Oop\ConstructorDestructorX.py
Copied : Oop\Functional.py
Copied : Oop\ObjectOriented.py
Copied : Oop\ObjectOrientedX.py
Copied : Oop\Procedural.py
Copied : Oop\scripting.py
Copied : Oop\DuckTyping\DuckTyping.py
Copied : Oop\Encapsulation\AccesSpecifier.py
Copied : Oop\Encapsulation\Encapsulation.py
Copied : Oop\Inheritance\Inheritance.py
Copied : Oop\Inheritance\InheritanceMultilevel.py
Copied : Oop\Inheritance\InheritanceMultiple.py
Copied : Oop\Inheritance\InheritanceSingle.py
Copied : Oop\Inheritance\InheritanceX.py
Copied : Oop\Inheritance\InheritanceXX.py
Copied : Oop\Inheritance\Magic.py
Copied : Oop\Inheritance\MagicX.py
Copied : pythonPrograms\Binary.py
Copied : pythonPrograms\BinaryX.py
Copied : pythonPrograms\BinaryXX.py
Copied : pythonPrograms\Builtin.py
Copied : pythonPrograms\BuiltinX.py
Copied : pythonPrograms\BuiltinXX.py
Copied : pythonPrograms\BuiltinXXX.py
Copied : pythonPrograms\Data.py
Copied : pythonPrograms\Datatype.py
Copied : pythonPrograms\Default
Copied : pythonPrograms\DefaultX.py
Copied : pythonPrograms\Demo.py
Copied : pythonPrograms\First.py
Copied : pythonPrograms\Function.py
Copied : pythonPrograms\FunctionDemo1.py
Copied : pythonPrograms\Functiondemo10.py
Copied : pythonPrograms\functiondemo11.py
Copied : pythonPrograms\FunctionDemo12.py
Copied : pythonPrograms\FunctionDemo13.py
Copied : pythonPrograms\FunctionDemo2.py
Copied : pythonPrograms\FunctionDemo3.py
Copied : pythonPrograms\FunctionDemo4.py
Copied : pythonPrograms\FunctionDemo5.py
Copied : pythonPrograms\FunctionDemo6.py
Copied : pythonPrograms\FunctionDemo7.py
Copied : pythonPrograms\FunctionDemo8.py
Copied : pythonPrograms\Functiondemo9.py
Copied : pythonPrograms\functionidustrialXX.py
Copied : pythonPrograms\Functionindustrial.py
Copied : pythonPrograms\function_1.py
Copied : pythonPrograms\function_2.py
Copied : pythonPrograms\Id.py
Copied : pythonPrograms\Io.py
Copied : pythonPrograms\IoX.py
Copied : pythonPrograms\IoXX.py
Copied : pythonPrograms\IoXXX.py
Copied : pythonPrograms\IterationFor.py
Copied : pythonPrograms\IterationForX.py
Copied : pythonPrograms\IterationForXX.py
Copied : pythonPrograms\IterationWhile.py
Copied : pythonPrograms\Keyword.py
Copied : pythonPrograms\KeywordX.py
Copied : pythonPrograms\Lambda1.py
Copied : pythonPrograms\Lambda2.py
Copied : pythonPrograms\LocalGlobal.py
Copied : pythonPrograms\LocalGlobal2.py
Copied : pythonPrograms\LocalGlobal3.py
Copied : pythonPrograms\LocalGlobal4.py
Copied : pythonPrograms\main_1.py
Copied : pythonPrograms\main_2.py
Copied : pythonPrograms\Mapping.py
Copied : pythonPrograms\MappingX.py
Copied : pythonPrograms\Marvellous.py
Copied : pythonPrograms\ModuleClient.py
Copied : pythonPrograms\None.py
Copied : pythonPrograms\Positional1.py
Copied : pythonPrograms\range_1.py
Copied : pythonPrograms\revisionAll.py
Copied : pythonPrograms\RevisionDatatype.py
Copied : pythonPrograms\RevisionSequence.py
Copied : pythonPrograms\selection.py
Copied : pythonPrograms\SelectionEven.py
Copied : pythonPrograms\SelectionEvenFunction.py
Copied : pythonPrograms\selectionEvenFunctionX.py
Copied : pythonPrograms\SelectionEvenFunctionXX.py
Copied : pythonPrograms\SelectionIndustrial.py
Copied : pythonPrograms\selectionX.py
Copied : pythonPrograms\selectionXX.py
Copied : pythonPrograms\Sequence.py
Copied : pythonPrograms\SequenceX.py
Copied : pythonPrograms\Size.py
Copied : pythonPrograms\special.py
Copied : pythonPrograms\SpecialX.py
Copied : pythonPrograms\test.py
Copied : pythonPrograms\Type.py
Copied : pythonPrograms\UserFunction_1.py
Copied : pythonPrograms\Userfunction_2.py
Copied : pythonPrograms\UserFunction_3.py
Copied : pythonPrograms\VariableArgs.py
Copied : __pycache__\Marvellous.cpython-314.pyc
Zip file created : MarvellousBackup-2026-0214_13-56-50.zip
Backup Completed Successfully
